<?xml version="1.0" encoding="UTF-8"?>
<!-- Generated by org.testng.reporters.JUnitXMLReporter -->
<testsuite hostname="DESKTOP-QCSUJL0" name="Sanity" tests="1" failures="1" timestamp="30 Aug 2019 06:17:35 GMT" time="0.092" errors="0">
  <testcase name="LoginNegativeTest" time="0.029" classname="com.OrangeHRM.TestCases.LoginTestCase">
    <failure type="java.lang.NullPointerException">
      <![CDATA[java.lang.NullPointerException
	at com.OrangeHRM.TestCases.LoginTestCase.LoginNegativeTest(LoginTestCase.java:47)
... Removed 24 stack frames]]>
    </failure>
  </testcase> <!-- LoginNegativeTest -->
</testsuite> <!-- Sanity -->
