<?xml version="1.0" encoding="UTF-8"?>
<!-- Generated by org.testng.reporters.JUnitXMLReporter -->
<testsuite hostname="DESKTOP-QCSUJL0" name="Sprint1" tests="4" failures="0" timestamp="30 Aug 2019 13:51:30 GMT" time="62.442" errors="0">
  <testcase name="logIn" time="3.886" classname="com.OrangeHRM.TestCases.LoginTestCase"/>
  <testcase name="logIn" time="3.282" classname="com.OrangeHRM.TestCases.LoginTestCase"/>
  <testcase name="logIn" time="3.728" classname="com.OrangeHRM.TestCases.LoginTestCase"/>
  <testcase name="logoutTest" time="1.298" classname="com.OrangeHRM.TestCases.HomePageTestCase"/>
</testsuite> <!-- Sprint1 -->
