<?xml version="1.0" encoding="UTF-8"?>
<!-- Generated by org.testng.reporters.JUnitXMLReporter -->
<testsuite hostname="DESKTOP-QCSUJL0" name="smoke" tests="3" failures="0" timestamp="29 Aug 2019 15:56:00 GMT" time="29.138" errors="0">
  <testcase name="username" time="0.382" classname="com.OrangeHRM.TestCases.LoginTestCase"/>
  <testcase name="password" time="0.46" classname="com.OrangeHRM.TestCases.LoginTestCase"/>
  <testcase name="LoginButton" time="0.43" classname="com.OrangeHRM.TestCases.LoginTestCase"/>
</testsuite> <!-- smoke -->
