<?xml version="1.0" encoding="UTF-8"?>
<!-- Generated by org.testng.reporters.JUnitXMLReporter -->
<testsuite hostname="DESKTOP-QCSUJL0" name="Spint1" tests="14" failures="0" timestamp="31 Aug 2019 09:13:10 GMT" time="140.459" errors="0">
  <testcase name="logIn" time="6.096" classname="com.OrangeHRM.TestCases.LoginTestCase"/>
  <testcase name="logIn" time="2.417" classname="com.OrangeHRM.TestCases.LoginTestCase"/>
  <testcase name="logInNegative" time="0.543" classname="com.OrangeHRM.TestCases.LoginTestCase"/>
  <testcase name="logInNegative" time="0.596" classname="com.OrangeHRM.TestCases.LoginTestCase"/>
  <testcase name="logInNegative" time="0.656" classname="com.OrangeHRM.TestCases.LoginTestCase"/>
  <testcase name="logInNegative" time="1.184" classname="com.OrangeHRM.TestCases.LoginTestCase"/>
  <testcase name="logInNegative" time="1.888" classname="com.OrangeHRM.TestCases.LoginTestCase"/>
  <testcase name="testTitle" time="0.027" classname="com.OrangeHRM.TestCases.LoginTestCase"/>
  <testcase name="clickOnLinkedInTest" time="0.207" classname="com.OrangeHRM.TestCases.LoginTestCase"/>
  <testcase name="clickOnFacebookTest" time="0.443" classname="com.OrangeHRM.TestCases.LoginTestCase"/>
  <testcase name="clickOnTwiterTest" time="0.318" classname="com.OrangeHRM.TestCases.LoginTestCase"/>
  <testcase name="clickOnYoutubeTest" time="0.331" classname="com.OrangeHRM.TestCases.LoginTestCase"/>
  <testcase name="verfylogoImage" time="0.143" classname="com.OrangeHRM.TestCases.LoginTestCase"/>
  <testcase name="totallinkTest" time="0.122" classname="com.OrangeHRM.TestCases.LoginTestCase"/>
</testsuite> <!-- Spint1 -->
